TN:
SF:src\app.ts
FN:79,(anonymous_1)
FN:96,(anonymous_2)
FN:116,(anonymous_3)
FN:120,(anonymous_4)
FNF:4
FNH:0
FNDA:0,(anonymous_1)
FNDA:0,(anonymous_2)
FNDA:0,(anonymous_3)
FNDA:0,(anonymous_4)
DA:1,11
DA:2,11
DA:3,11
DA:4,11
DA:5,11
DA:6,11
DA:7,11
DA:8,11
DA:9,11
DA:10,11
DA:11,11
DA:12,11
DA:13,11
DA:14,11
DA:15,11
DA:16,11
DA:26,11
DA:42,11
DA:43,11
DA:44,11
DA:47,11
DA:60,11
DA:61,11
DA:62,11
DA:65,11
DA:72,11
DA:75,11
DA:76,11
DA:79,11
DA:80,0
DA:84,11
DA:85,11
DA:86,11
DA:87,11
DA:88,11
DA:89,11
DA:92,11
DA:93,11
DA:96,11
DA:97,0
DA:99,0
DA:101,0
DA:102,0
DA:105,0
DA:111,0
DA:116,11
DA:117,0
DA:118,0
DA:120,0
DA:125,11
DA:126,0
DA:129,11
LF:52
LH:41
BRDA:43,0,0,11
BRDA:43,0,1,0
BRDA:97,1,0,0
BRDA:97,1,1,0
BRDA:105,2,0,0
BRDA:105,2,1,0
BRDA:117,3,0,0
BRDA:117,3,1,0
BRDA:125,4,0,0
BRDA:125,4,1,11
BRF:10
BRH:2
end_of_record
TN:
SF:src\controllers\AdminController.ts
FN:12,(anonymous_1)
FN:82,(anonymous_2)
FN:127,(anonymous_3)
FNF:3
FNH:3
FNDA:2,(anonymous_1)
FNDA:3,(anonymous_2)
FNDA:2,(anonymous_3)
DA:1,11
DA:4,11
DA:5,11
DA:6,11
DA:11,11
DA:14,2
DA:15,0
DA:16,0
DA:20,2
DA:21,2
DA:22,2
DA:25,2
DA:31,2
DA:41,2
DA:51,2
DA:56,2
DA:81,11
DA:83,3
DA:84,0
DA:85,0
DA:88,3
DA:89,3
DA:92,3
DA:95,3
DA:96,1
DA:100,3
DA:101,0
DA:107,3
DA:108,3
DA:114,3
DA:126,11
DA:128,2
DA:129,0
DA:130,0
DA:133,2
DA:135,2
DA:136,1
DA:137,1
DA:140,1
DA:141,1
DA:143,1
DA:147,11
LF:42
LH:35
BRDA:14,0,0,0
BRDA:14,0,1,2
BRDA:61,1,0,2
BRDA:61,1,1,2
BRDA:83,2,0,0
BRDA:83,2,1,3
BRDA:88,3,0,3
BRDA:88,3,1,3
BRDA:89,4,0,3
BRDA:89,4,1,3
BRDA:95,5,0,1
BRDA:95,5,1,2
BRDA:100,6,0,0
BRDA:100,6,1,3
BRDA:100,7,0,3
BRDA:100,7,1,0
BRDA:128,8,0,0
BRDA:128,8,1,2
BRDA:135,9,0,1
BRDA:135,9,1,1
BRF:20
BRH:15
end_of_record
TN:
SF:src\controllers\CategoryController.ts
FN:9,(anonymous_1)
FN:167,(anonymous_2)
FN:198,(anonymous_3)
FN:228,(anonymous_4)
FN:243,(anonymous_5)
FN:279,(anonymous_6)
FN:315,(anonymous_7)
FN:710,(anonymous_8)
FN:741,(anonymous_9)
FN:771,(anonymous_10)
FN:862,(anonymous_11)
FN:907,(anonymous_12)
FNF:12
FNH:8
FNDA:3,(anonymous_1)
FNDA:0,(anonymous_2)
FNDA:0,(anonymous_3)
FNDA:6,(anonymous_4)
FNDA:4,(anonymous_5)
FNDA:4,(anonymous_6)
FNDA:7,(anonymous_7)
FNDA:0,(anonymous_8)
FNDA:0,(anonymous_9)
FNDA:3,(anonymous_10)
FNDA:7,(anonymous_11)
FNDA:2,(anonymous_12)
DA:2,11
DA:3,11
DA:4,11
DA:9,11
DA:13,3
DA:15,3
DA:18,3
DA:19,0
DA:23,0
DA:26,3
DA:27,0
DA:35,0
DA:38,3
DA:39,0
DA:47,0
DA:51,3
DA:52,0
DA:53,0
DA:57,0
DA:60,0
DA:61,0
DA:62,0
DA:66,0
DA:70,0
DA:71,0
DA:75,0
DA:80,3
DA:81,2
DA:82,0
DA:90,0
DA:93,2
DA:94,0
DA:98,0
DA:102,2
DA:103,0
DA:116,0
DA:120,2
DA:121,0
DA:129,0
DA:136,3
DA:139,3
DA:140,1
DA:144,1
DA:147,2
DA:156,2
DA:157,2
DA:158,1
DA:163,1
DA:164,0
DA:167,0
DA:169,0
DA:171,1
DA:172,0
DA:178,0
DA:180,1
DA:184,1
DA:188,1
DA:190,0
DA:194,0
DA:195,0
DA:198,0
DA:200,0
DA:202,0
DA:203,0
DA:209,0
DA:211,0
DA:212,0
DA:216,0
DA:218,0
DA:228,11
DA:232,6
DA:233,6
DA:234,6
DA:235,6
DA:237,6
DA:238,6
DA:240,6
DA:241,3
DA:242,3
DA:243,3
DA:244,4
DA:245,4
DA:246,4
DA:248,3
DA:251,6
DA:257,6
DA:269,0
DA:279,11
DA:284,4
DA:285,4
DA:288,4
DA:289,1
DA:291,3
DA:294,4
DA:295,2
DA:299,2
DA:302,2
DA:308,0
DA:315,11
DA:319,7
DA:320,7
DA:322,7
DA:324,7
DA:325,1
DA:329,1
DA:332,6
DA:333,6
DA:334,1
DA:338,1
DA:342,5
DA:343,5
DA:344,0
DA:352,0
DA:355,5
DA:356,0
DA:360,0
DA:363,5
DA:364,0
DA:372,0
DA:376,5
DA:377,2
DA:380,2
DA:381,0
DA:393,0
DA:397,2
DA:402,2
DA:403,1
DA:407,1
DA:410,1
DA:413,4
DA:414,4
DA:418,4
DA:419,1
DA:420,0
DA:426,0
DA:429,1
DA:432,1
DA:433,0
DA:439,0
DA:443,1
DA:444,0
DA:448,0
DA:452,1
DA:453,1
DA:454,0
DA:459,0
DA:462,1
DA:466,4
DA:467,1
DA:468,0
DA:476,0
DA:480,1
DA:481,1
DA:486,1
DA:487,0
DA:495,0
DA:499,1
DA:504,1
DA:505,0
DA:513,0
DA:517,1
DA:520,4
DA:521,0
DA:522,0
DA:528,0
DA:532,0
DA:533,0
DA:539,0
DA:543,0
DA:544,0
DA:549,0
DA:550,0
DA:557,0
DA:561,0
DA:565,4
DA:566,0
DA:567,0
DA:569,0
DA:570,0
DA:577,0
DA:580,0
DA:581,0
DA:587,0
DA:591,0
DA:592,0
DA:598,0
DA:602,0
DA:603,0
DA:604,0
DA:609,0
DA:613,0
DA:614,0
DA:624,0
DA:628,0
DA:633,0
DA:634,0
DA:641,0
DA:645,0
DA:650,0
DA:651,0
DA:658,0
DA:661,0
DA:665,4
DA:667,4
DA:677,3
DA:679,3
DA:685,1
DA:686,0
DA:690,0
DA:693,1
DA:699,1
DA:700,1
DA:706,2
DA:707,0
DA:710,0
DA:712,0
DA:714,2
DA:715,0
DA:721,0
DA:723,2
DA:727,2
DA:731,2
DA:733,0
DA:737,0
DA:738,0
DA:741,0
DA:743,0
DA:745,0
DA:746,0
DA:752,0
DA:754,0
DA:755,0
DA:759,0
DA:761,0
DA:771,11
DA:776,3
DA:777,3
DA:779,3
DA:780,0
DA:784,0
DA:788,3
DA:789,3
DA:790,0
DA:794,0
DA:798,3
DA:799,3
DA:800,0
DA:805,0
DA:809,3
DA:814,2
DA:815,0
DA:820,0
DA:823,2
DA:824,2
DA:825,1
DA:830,1
DA:831,1
DA:835,0
DA:839,0
DA:842,1
DA:846,2
DA:847,2
DA:848,0
DA:852,0
DA:855,2
DA:862,11
DA:866,7
DA:867,7
DA:868,7
DA:870,7
DA:871,6
DA:872,1
DA:876,1
DA:880,5
DA:881,5
DA:886,5
DA:887,5
DA:893,4
DA:896,4
DA:897,0
DA:901,0
DA:904,4
DA:905,2
DA:906,2
DA:907,2
DA:908,2
DA:909,2
DA:910,2
DA:912,2
DA:915,4
DA:921,4
DA:934,2
DA:935,0
DA:939,0
DA:941,2
DA:942,2
DA:943,0
DA:947,0
DA:949,2
DA:950,1
DA:954,1
DA:957,1
DA:966,11
DA:967,11
DA:968,11
DA:969,11
DA:970,11
DA:971,11
LF:308
LH:167
BRDA:18,0,0,0
BRDA:18,0,1,3
BRDA:18,1,0,3
BRDA:18,1,1,3
BRDA:26,2,0,0
BRDA:26,2,1,3
BRDA:38,3,0,0
BRDA:38,3,1,3
BRDA:51,4,0,0
BRDA:51,4,1,3
BRDA:52,5,0,0
BRDA:52,5,1,0
BRDA:61,6,0,0
BRDA:61,6,1,0
BRDA:70,7,0,0
BRDA:70,7,1,0
BRDA:80,8,0,2
BRDA:80,8,1,1
BRDA:81,9,0,0
BRDA:81,9,1,2
BRDA:93,10,0,0
BRDA:93,10,1,2
BRDA:102,11,0,0
BRDA:102,11,1,2
BRDA:120,12,0,0
BRDA:120,12,1,2
BRDA:137,13,0,3
BRDA:137,13,1,1
BRDA:139,14,0,1
BRDA:139,14,1,2
BRDA:149,15,0,2
BRDA:149,15,1,0
BRDA:163,16,0,0
BRDA:163,16,1,1
BRDA:171,17,0,0
BRDA:171,17,1,1
BRDA:180,18,0,1
BRDA:180,18,1,0
BRDA:181,19,0,1
BRDA:181,19,1,1
BRDA:194,20,0,0
BRDA:194,20,1,0
BRDA:202,21,0,0
BRDA:202,21,1,0
BRDA:211,22,0,0
BRDA:211,22,1,0
BRDA:211,23,0,0
BRDA:211,23,1,0
BRDA:233,24,0,3
BRDA:233,25,0,3
BRDA:240,26,0,3
BRDA:240,26,1,3
BRDA:244,27,0,1
BRDA:244,27,1,3
BRDA:288,28,0,1
BRDA:288,28,1,3
BRDA:294,29,0,2
BRDA:294,29,1,2
BRDA:324,30,0,1
BRDA:324,30,1,6
BRDA:333,31,0,1
BRDA:333,31,1,5
BRDA:342,32,0,5
BRDA:342,32,1,0
BRDA:343,33,0,0
BRDA:343,33,1,5
BRDA:355,34,0,0
BRDA:355,34,1,5
BRDA:363,35,0,0
BRDA:363,35,1,5
BRDA:376,36,0,2
BRDA:376,36,1,3
BRDA:380,37,0,0
BRDA:380,37,1,2
BRDA:402,38,0,1
BRDA:402,38,1,1
BRDA:413,39,0,4
BRDA:413,39,1,0
BRDA:418,40,0,1
BRDA:418,40,1,3
BRDA:419,41,0,0
BRDA:419,41,1,1
BRDA:432,42,0,0
BRDA:432,42,1,1
BRDA:443,43,0,0
BRDA:443,43,1,1
BRDA:453,44,0,0
BRDA:453,44,1,1
BRDA:466,45,0,1
BRDA:466,45,1,3
BRDA:467,46,0,0
BRDA:467,46,1,1
BRDA:480,47,0,1
BRDA:480,47,1,0
BRDA:486,48,0,0
BRDA:486,48,1,1
BRDA:504,49,0,0
BRDA:504,49,1,1
BRDA:520,50,0,0
BRDA:520,50,1,4
BRDA:521,51,0,0
BRDA:521,51,1,0
BRDA:532,52,0,0
BRDA:532,52,1,0
BRDA:532,53,0,0
BRDA:532,53,1,0
BRDA:543,54,0,0
BRDA:543,54,1,0
BRDA:543,55,0,0
BRDA:543,55,1,0
BRDA:549,56,0,0
BRDA:549,56,1,0
BRDA:565,57,0,0
BRDA:565,57,1,4
BRDA:566,58,0,0
BRDA:566,58,1,0
BRDA:569,59,0,0
BRDA:569,59,1,0
BRDA:580,60,0,0
BRDA:580,60,1,0
BRDA:591,61,0,0
BRDA:591,61,1,0
BRDA:603,62,0,0
BRDA:603,62,1,0
BRDA:613,63,0,0
BRDA:613,63,1,0
BRDA:633,64,0,0
BRDA:633,64,1,0
BRDA:650,65,0,0
BRDA:650,65,1,0
BRDA:667,66,0,3
BRDA:667,66,1,1
BRDA:668,67,0,4
BRDA:668,67,1,4
BRDA:668,67,2,3
BRDA:668,67,3,3
BRDA:668,67,4,3
BRDA:668,67,5,3
BRDA:685,68,0,0
BRDA:685,68,1,1
BRDA:706,69,0,0
BRDA:706,69,1,2
BRDA:714,70,0,0
BRDA:714,70,1,2
BRDA:723,71,0,2
BRDA:723,71,1,0
BRDA:724,72,0,2
BRDA:724,72,1,2
BRDA:737,73,0,0
BRDA:737,73,1,0
BRDA:745,74,0,0
BRDA:745,74,1,0
BRDA:754,75,0,0
BRDA:754,75,1,0
BRDA:754,76,0,0
BRDA:754,76,1,0
BRDA:779,77,0,0
BRDA:779,77,1,3
BRDA:789,78,0,0
BRDA:789,78,1,3
BRDA:799,79,0,0
BRDA:799,79,1,3
BRDA:814,80,0,0
BRDA:814,80,1,2
BRDA:830,81,0,1
BRDA:830,81,1,0
BRDA:831,82,0,0
BRDA:831,82,1,1
BRDA:832,83,0,1
BRDA:832,83,1,1
BRDA:846,84,0,2
BRDA:846,84,1,0
BRDA:847,85,0,0
BRDA:847,85,1,2
BRDA:847,86,0,2
BRDA:847,86,1,2
BRDA:868,87,0,5
BRDA:868,88,0,5
BRDA:871,89,0,1
BRDA:871,89,1,5
BRDA:880,90,0,5
BRDA:880,90,1,1
BRDA:883,91,0,5
BRDA:883,91,1,1
BRDA:896,92,0,0
BRDA:896,92,1,4
BRDA:896,93,0,4
BRDA:896,93,1,0
BRDA:904,94,0,2
BRDA:904,94,1,2
BRDA:908,95,0,0
BRDA:908,95,1,2
BRDA:924,96,0,4
BRDA:924,96,1,0
BRDA:934,97,0,0
BRDA:934,97,1,2
BRDA:941,98,0,2
BRDA:941,98,1,0
BRDA:942,99,0,0
BRDA:942,99,1,2
BRDA:942,100,0,2
BRDA:942,100,1,2
BRDA:949,101,0,1
BRDA:949,101,1,1
BRF:204
BRH:107
end_of_record
TN:
SF:src\controllers\OrderController.ts
FN:35,(anonymous_1)
FN:58,(anonymous_2)
FN:68,(anonymous_3)
FN:101,(anonymous_4)
FN:145,(anonymous_5)
FN:167,(anonymous_6)
FN:233,(anonymous_7)
FN:273,(anonymous_8)
FN:294,(anonymous_9)
FN:348,(anonymous_10)
FNF:10
FNH:6
FNDA:5,(anonymous_1)
FNDA:3,(anonymous_2)
FNDA:2,(anonymous_3)
FNDA:4,(anonymous_4)
FNDA:1,(anonymous_5)
FNDA:0,(anonymous_6)
FNDA:2,(anonymous_7)
FNDA:0,(anonymous_8)
FNDA:0,(anonymous_9)
FNDA:0,(anonymous_10)
DA:2,11
DA:4,11
DA:6,11
DA:7,11
DA:8,11
DA:10,11
DA:12,11
DA:17,11
DA:18,11
DA:19,0
DA:23,11
DA:28,0
DA:34,11
DA:44,5
DA:46,5
DA:47,0
DA:48,0
DA:51,5
DA:52,2
DA:53,2
DA:57,3
DA:58,3
DA:60,3
DA:62,3
DA:63,1
DA:64,1
DA:67,2
DA:68,2
DA:87,2
DA:89,1
DA:100,11
DA:103,4
DA:104,0
DA:108,0
DA:111,4
DA:116,4
DA:118,3
DA:122,1
DA:126,1
DA:128,2
DA:133,1
DA:144,11
DA:147,1
DA:148,0
DA:152,0
DA:155,1
DA:156,1
DA:166,11
DA:168,0
DA:169,0
DA:173,0
DA:176,0
DA:178,0
DA:179,0
DA:183,0
DA:187,0
DA:191,0
DA:195,0
DA:199,0
DA:203,0
DA:204,0
DA:208,0
DA:211,0
DA:212,0
DA:213,0
DA:219,0
DA:221,0
DA:222,0
DA:232,11
DA:234,2
DA:235,0
DA:239,0
DA:242,2
DA:243,2
DA:245,2
DA:246,0
DA:250,0
DA:253,2
DA:256,2
DA:257,0
DA:258,0
DA:261,2
DA:262,1
DA:272,11
DA:274,0
DA:275,0
DA:279,0
DA:282,0
DA:283,0
DA:293,11
DA:295,0
DA:296,0
DA:299,0
DA:301,0
DA:305,0
DA:306,0
DA:307,0
DA:309,0
DA:314,0
DA:318,0
DA:322,0
DA:325,0
DA:326,0
DA:327,0
DA:331,0
DA:333,0
DA:334,0
DA:335,0
DA:336,0
DA:337,0
DA:338,0
DA:340,0
DA:341,0
DA:344,0
DA:346,0
DA:347,0
DA:349,0
DA:356,0
DA:358,0
DA:359,0
DA:360,0
DA:361,0
DA:364,0
DA:369,11
DA:370,11
DA:371,11
DA:372,11
DA:373,11
DA:374,11
DA:375,11
LF:130
LH:58
BRDA:18,0,0,0
BRDA:18,0,1,11
BRDA:46,1,0,0
BRDA:46,1,1,5
BRDA:51,2,0,2
BRDA:51,2,1,3
BRDA:51,3,0,5
BRDA:51,3,1,5
BRDA:62,4,0,1
BRDA:62,4,1,2
BRDA:103,5,0,0
BRDA:103,5,1,4
BRDA:116,6,0,3
BRDA:116,6,1,1
BRDA:118,7,0,1
BRDA:118,7,1,2
BRDA:119,8,0,3
BRDA:119,8,1,2
BRDA:147,9,0,0
BRDA:147,9,1,1
BRDA:168,10,0,0
BRDA:168,10,1,0
BRDA:178,11,0,0
BRDA:178,11,1,0
BRDA:187,12,0,0
BRDA:187,12,1,0
BRDA:188,13,0,0
BRDA:188,13,1,0
BRDA:203,14,0,0
BRDA:203,14,1,0
BRDA:234,15,0,0
BRDA:234,15,1,2
BRDA:234,16,0,2
BRDA:234,16,1,2
BRDA:245,17,0,0
BRDA:245,17,1,2
BRDA:256,18,0,0
BRDA:256,18,1,2
BRDA:274,19,0,0
BRDA:274,19,1,0
BRDA:274,20,0,0
BRDA:274,20,1,0
BRDA:295,21,0,0
BRDA:295,21,1,0
BRDA:305,22,0,0
BRDA:305,22,1,0
BRDA:314,23,0,0
BRDA:314,23,1,0
BRDA:315,24,0,0
BRDA:315,24,1,0
BRF:50
BRH:21
end_of_record
TN:
SF:src\controllers\ProductController.ts
FN:24,(anonymous_1)
FN:126,(anonymous_2)
FN:143,(anonymous_3)
FN:158,(anonymous_4)
FN:174,(anonymous_5)
FN:197,(anonymous_6)
FN:236,(anonymous_7)
FNF:7
FNH:6
FNDA:5,(anonymous_1)
FNDA:0,(anonymous_2)
FNDA:3,(anonymous_3)
FNDA:2,(anonymous_4)
FNDA:1,(anonymous_5)
FNDA:2,(anonymous_6)
FNDA:2,(anonymous_7)
DA:2,11
DA:4,11
DA:24,11
DA:25,5
DA:26,5
DA:27,5
DA:30,5
DA:33,5
DA:34,1
DA:35,1
DA:43,5
DA:44,1
DA:48,5
DA:49,0
DA:53,5
DA:54,1
DA:55,1
DA:56,1
DA:58,1
DA:59,1
DA:64,5
DA:65,1
DA:68,1
DA:74,5
DA:75,0
DA:79,5
DA:82,5
DA:94,5
DA:95,5
DA:96,5
DA:106,5
DA:125,11
DA:127,0
DA:132,0
DA:143,11
DA:144,3
DA:145,2
DA:146,1
DA:148,1
DA:158,11
DA:159,2
DA:160,2
DA:161,1
DA:163,1
DA:173,11
DA:176,1
DA:177,0
DA:181,0
DA:184,1
DA:189,1
DA:190,1
DA:197,11
DA:207,2
DA:209,2
DA:211,2
DA:212,1
DA:213,1
DA:214,1
DA:215,1
DA:217,1
DA:218,1
DA:219,1
DA:221,1
DA:223,1
DA:224,1
DA:226,1
DA:236,11
DA:237,2
DA:239,2
DA:240,1
DA:241,1
DA:243,1
DA:251,11
DA:252,11
DA:253,11
DA:254,11
DA:255,11
DA:256,11
DA:257,11
LF:79
LH:73
BRDA:25,0,0,5
BRDA:25,0,1,5
BRDA:26,1,0,5
BRDA:26,1,1,5
BRDA:27,2,0,5
BRDA:27,2,1,5
BRDA:33,3,0,1
BRDA:33,3,1,4
BRDA:43,4,0,1
BRDA:43,4,1,4
BRDA:48,5,0,0
BRDA:48,5,1,5
BRDA:53,6,0,1
BRDA:53,6,1,4
BRDA:53,7,0,5
BRDA:53,7,1,4
BRDA:55,8,0,1
BRDA:55,8,1,0
BRDA:58,9,0,1
BRDA:58,9,1,0
BRDA:64,10,0,1
BRDA:64,10,1,4
BRDA:74,11,0,0
BRDA:74,11,1,5
BRDA:116,12,0,5
BRDA:116,12,1,0
BRDA:145,13,0,1
BRDA:145,13,1,1
BRDA:160,14,0,1
BRDA:160,14,1,1
BRDA:176,15,0,0
BRDA:176,15,1,1
BRDA:211,16,0,1
BRDA:211,16,1,1
BRDA:212,17,0,1
BRDA:212,17,1,0
BRDA:213,18,0,0
BRDA:213,18,1,1
BRDA:214,19,0,1
BRDA:214,19,1,1
BRDA:216,20,0,1
BRDA:216,20,1,1
BRDA:217,21,0,1
BRDA:217,21,1,1
BRDA:218,22,0,1
BRDA:218,22,1,1
BRDA:220,23,0,1
BRDA:220,23,1,0
BRDA:221,24,0,1
BRDA:221,24,1,1
BRDA:239,25,0,1
BRDA:239,25,1,1
BRF:52
BRH:43
end_of_record
TN:
SF:src\controllers\ReviewController.ts
FN:13,(anonymous_1)
FN:71,(anonymous_2)
FN:97,(anonymous_3)
FNF:3
FNH:3
FNDA:3,(anonymous_1)
FNDA:1,(anonymous_2)
FNDA:3,(anonymous_3)
DA:3,11
DA:4,11
DA:5,11
DA:7,11
DA:12,11
DA:14,3
DA:15,3
DA:18,3
DA:19,0
DA:23,0
DA:27,3
DA:32,3
DA:33,1
DA:37,1
DA:41,2
DA:42,0
DA:46,0
DA:49,2
DA:50,2
DA:51,1
DA:55,1
DA:59,1
DA:68,1
DA:69,1
DA:71,1
DA:73,1
DA:78,1
DA:97,11
DA:98,3
DA:100,3
DA:101,0
DA:105,0
DA:108,3
DA:109,3
DA:110,1
DA:114,1
DA:117,2
DA:121,2
DA:127,11
LF:39
LH:33
BRDA:18,0,0,0
BRDA:18,0,1,3
BRDA:32,1,0,1
BRDA:32,1,1,2
BRDA:41,2,0,0
BRDA:41,2,1,2
BRDA:50,3,0,1
BRDA:50,3,1,1
BRDA:100,4,0,0
BRDA:100,4,1,3
BRDA:109,5,0,1
BRDA:109,5,1,2
BRF:12
BRH:9
end_of_record
TN:
SF:src\controllers\UserController.ts
FN:12,(anonymous_1)
FN:67,(anonymous_2)
FN:99,(anonymous_3)
FN:132,(anonymous_4)
FN:190,(anonymous_5)
FN:246,(anonymous_6)
FN:258,(anonymous_7)
FN:272,(anonymous_8)
FN:284,(anonymous_9)
FN:297,(anonymous_10)
FNF:10
FNH:5
FNDA:8,(anonymous_1)
FNDA:3,(anonymous_2)
FNDA:3,(anonymous_3)
FNDA:2,(anonymous_4)
FNDA:3,(anonymous_5)
FNDA:0,(anonymous_6)
FNDA:0,(anonymous_7)
FNDA:0,(anonymous_8)
FNDA:0,(anonymous_9)
FNDA:0,(anonymous_10)
DA:3,11
DA:4,11
DA:5,11
DA:6,11
DA:11,11
DA:13,8
DA:15,8
DA:16,3
DA:17,3
DA:22,5
DA:24,5
DA:25,2
DA:26,2
DA:29,3
DA:31,3
DA:38,1
DA:39,1
DA:40,1
DA:43,1
DA:51,0
DA:52,0
DA:55,2
DA:56,2
DA:57,2
DA:59,0
DA:67,11
DA:68,3
DA:70,3
DA:71,0
DA:72,0
DA:75,3
DA:77,3
DA:78,1
DA:79,1
DA:80,1
DA:82,1
DA:90,2
DA:91,2
DA:98,11
DA:100,3
DA:102,3
DA:105,3
DA:122,0
DA:123,0
DA:131,11
DA:135,2
DA:137,2
DA:138,2
DA:139,2
DA:143,2
DA:144,2
DA:145,2
DA:146,0
DA:147,0
DA:149,2
DA:152,2
DA:155,2
DA:157,0
DA:160,2
DA:161,2
DA:162,1
DA:163,1
DA:165,1
DA:173,1
DA:174,1
DA:175,1
DA:177,0
DA:180,0
DA:181,0
DA:189,11
DA:191,3
DA:193,3
DA:194,0
DA:195,0
DA:198,3
DA:199,1
DA:200,1
DA:204,2
DA:206,2
DA:207,0
DA:208,0
DA:212,2
DA:213,2
DA:214,1
DA:215,1
DA:219,1
DA:221,1
DA:222,1
DA:223,1
DA:224,1
DA:226,1
DA:235,0
DA:236,0
DA:237,0
DA:239,0
DA:245,11
DA:247,0
DA:248,0
DA:249,0
DA:251,0
DA:252,0
DA:257,11
DA:259,0
DA:260,0
DA:261,0
DA:263,0
DA:264,0
DA:265,0
DA:266,0
DA:267,0
DA:269,0
DA:270,0
DA:272,0
DA:275,0
DA:276,0
DA:278,0
DA:283,11
DA:285,0
DA:286,0
DA:287,0
DA:289,0
DA:290,0
DA:291,0
DA:292,0
DA:293,0
DA:295,0
DA:296,0
DA:297,0
DA:299,0
DA:300,0
DA:305,11
DA:306,11
DA:307,11
DA:308,11
DA:309,11
DA:310,11
DA:311,11
DA:312,11
LF:138
LH:85
BRDA:15,0,0,3
BRDA:15,0,1,5
BRDA:15,1,0,8
BRDA:15,1,1,6
BRDA:15,1,2,5
BRDA:15,1,3,5
BRDA:24,2,0,2
BRDA:24,2,1,3
BRDA:38,3,0,1
BRDA:38,3,1,0
BRDA:55,4,0,2
BRDA:55,4,1,0
BRDA:70,5,0,0
BRDA:70,5,1,3
BRDA:70,6,0,3
BRDA:70,6,1,3
BRDA:77,7,0,1
BRDA:77,7,1,2
BRDA:77,8,0,3
BRDA:77,8,1,2
BRDA:102,9,0,3
BRDA:102,9,1,0
BRDA:137,10,0,2
BRDA:137,10,1,0
BRDA:138,11,0,2
BRDA:138,11,1,1
BRDA:139,12,0,2
BRDA:139,12,1,1
BRDA:143,13,0,2
BRDA:143,13,1,0
BRDA:143,14,0,2
BRDA:143,14,1,2
BRDA:145,15,0,0
BRDA:145,15,1,2
BRDA:145,16,0,2
BRDA:145,16,1,0
BRDA:152,17,0,2
BRDA:152,17,1,2
BRDA:155,18,0,0
BRDA:155,18,1,2
BRDA:173,19,0,1
BRDA:173,19,1,0
BRDA:193,20,0,0
BRDA:193,20,1,3
BRDA:193,21,0,3
BRDA:193,21,1,3
BRDA:198,22,0,1
BRDA:198,22,1,2
BRDA:206,23,0,0
BRDA:206,23,1,2
BRDA:213,24,0,1
BRDA:213,24,1,1
BRDA:235,25,0,0
BRDA:235,25,1,0
BRDA:247,26,0,0
BRDA:247,26,1,0
BRDA:252,27,0,0
BRDA:252,27,1,0
BRDA:259,28,0,0
BRDA:259,28,1,0
BRDA:265,29,0,0
BRDA:265,29,1,0
BRDA:270,30,0,0
BRDA:270,30,1,0
BRDA:285,31,0,0
BRDA:285,31,1,0
BRDA:291,32,0,0
BRDA:291,32,1,0
BRF:68
BRH:40
end_of_record
TN:
SF:src\controllers\stripeController.ts
FN:11,(anonymous_1)
FN:114,(anonymous_2)
FN:125,(anonymous_3)
FNF:3
FNH:2
FNDA:7,(anonymous_1)
FNDA:0,(anonymous_2)
FNDA:4,(anonymous_3)
DA:2,11
DA:3,11
DA:5,11
DA:10,11
DA:12,7
DA:14,7
DA:15,3
DA:19,3
DA:22,4
DA:24,4
DA:25,1
DA:29,1
DA:32,3
DA:33,1
DA:37,1
DA:40,2
DA:42,2
DA:46,2
DA:52,1
DA:53,0
DA:57,0
DA:59,1
DA:60,1
DA:62,1
DA:70,1
DA:72,1
DA:73,1
DA:74,1
DA:79,0
DA:84,1
DA:85,0
DA:90,0
DA:94,0
DA:101,0
DA:105,0
DA:113,11
DA:115,0
DA:124,11
DA:126,4
DA:127,4
DA:131,4
DA:133,4
DA:138,4
DA:139,4
DA:141,1
DA:143,1
DA:144,1
DA:150,0
DA:151,0
DA:155,3
DA:157,0
DA:161,0
DA:166,3
DA:168,3
DA:172,3
DA:176,3
DA:177,1
DA:179,0
DA:180,0
DA:183,1
DA:184,1
DA:185,1
DA:191,1
DA:193,1
DA:201,2
DA:202,2
DA:205,2
DA:206,0
DA:210,0
DA:211,0
DA:213,0
DA:214,0
DA:215,0
DA:221,0
DA:222,0
DA:237,3
DA:240,0
DA:244,0
DA:248,0
DA:253,0
DA:258,0
DA:259,0
DA:260,0
DA:261,0
DA:268,0
DA:271,0
DA:274,0
DA:277,0
DA:282,0
DA:288,3
LF:90
LH:54
BRDA:14,0,0,3
BRDA:14,0,1,4
BRDA:14,1,0,7
BRDA:14,1,1,6
BRDA:14,1,2,5
BRDA:24,2,0,1
BRDA:24,2,1,3
BRDA:32,3,0,1
BRDA:32,3,1,2
BRDA:52,4,0,0
BRDA:52,4,1,1
BRDA:52,5,0,1
BRDA:52,5,1,1
BRDA:70,6,0,1
BRDA:70,6,1,0
BRDA:70,7,0,1
BRDA:70,7,1,1
BRDA:70,7,2,1
BRDA:73,8,0,1
BRDA:73,8,1,0
BRDA:76,9,0,1
BRDA:76,9,1,0
BRDA:81,10,0,0
BRDA:81,10,1,0
BRDA:85,11,0,0
BRDA:85,11,1,0
BRDA:141,12,0,1
BRDA:141,12,1,0
BRDA:155,13,0,0
BRDA:155,13,1,3
BRDA:155,14,0,3
BRDA:155,14,1,3
BRDA:155,14,2,3
BRDA:166,15,0,3
BRDA:166,15,1,0
BRDA:166,15,2,0
BRDA:166,15,3,0
BRDA:166,15,4,0
BRDA:176,16,0,1
BRDA:176,16,1,2
BRDA:177,17,0,0
BRDA:177,17,1,1
BRDA:189,18,0,1
BRDA:189,18,1,0
BRDA:201,19,0,2
BRDA:201,19,1,0
BRDA:201,20,0,2
BRDA:201,20,1,2
BRDA:205,21,0,0
BRDA:205,21,1,2
BRDA:206,22,0,0
BRDA:206,22,1,0
BRDA:219,23,0,0
BRDA:219,23,1,0
BRDA:248,24,0,0
BRDA:248,24,1,0
BRDA:249,25,0,0
BRDA:249,25,1,0
BRDA:249,25,2,0
BRDA:258,26,0,0
BRDA:258,26,1,0
BRF:61
BRH:32
end_of_record
TN:
SF:src\data\products.ts
FNF:0
FNH:0
DA:3,0
DA:34,0
LF:2
LH:0
BRF:0
BRH:0
end_of_record
TN:
SF:src\middleware\authMiddleware.ts
FN:11,(anonymous_1)
FN:75,(anonymous_2)
FNF:2
FNH:2
FNDA:95,(anonymous_1)
FNDA:42,(anonymous_2)
DA:1,11
DA:2,11
DA:11,11
DA:18,95
DA:22,83
DA:24,83
DA:27,83
DA:32,79
DA:34,79
DA:35,1
DA:39,1
DA:42,78
DA:43,78
DA:45,4
DA:46,1
DA:50,1
DA:51,3
DA:52,3
DA:56,3
DA:58,0
DA:62,0
DA:66,12
DA:70,12
DA:75,11
DA:80,42
DA:81,38
DA:83,4
DA:87,4
DA:91,11
LF:29
LH:27
BRDA:18,0,0,83
BRDA:18,0,1,12
BRDA:19,1,0,95
BRDA:19,1,1,83
BRDA:34,2,0,1
BRDA:34,2,1,78
BRDA:45,3,0,1
BRDA:45,3,1,3
BRDA:51,4,0,3
BRDA:51,4,1,0
BRDA:80,5,0,38
BRDA:80,5,1,4
BRDA:80,6,0,42
BRDA:80,6,1,42
BRF:14
BRH:13
end_of_record
TN:
SF:src\middleware\errorMiddleware.ts
FN:10,(anonymous_0)
FN:16,(anonymous_1)
FN:41,(anonymous_2)
FNF:3
FNH:3
FNDA:1,(anonymous_0)
FNDA:20,(anonymous_1)
FNDA:5,(anonymous_2)
DA:10,11
DA:11,1
DA:12,1
DA:13,1
DA:16,11
DA:24,20
DA:25,0
DA:29,20
DA:30,1
DA:37,19
DA:38,2
DA:42,5
DA:44,2
DA:51,17
DA:52,0
DA:55,0
DA:56,0
DA:57,0
DA:58,0
DA:66,17
DA:67,0
DA:73,17
DA:74,0
DA:81,17
DA:82,17
LF:25
LH:17
BRDA:24,0,0,0
BRDA:24,0,1,20
BRDA:29,1,0,1
BRDA:29,1,1,19
BRDA:37,2,0,2
BRDA:37,2,1,17
BRDA:51,3,0,0
BRDA:51,3,1,17
BRDA:51,4,0,17
BRDA:51,4,1,17
BRDA:55,5,0,0
BRDA:55,5,1,0
BRDA:56,6,0,0
BRDA:56,6,1,0
BRDA:66,7,0,0
BRDA:66,7,1,17
BRDA:73,8,0,0
BRDA:73,8,1,17
BRDA:81,9,0,3
BRDA:81,9,1,14
BRDA:84,10,0,17
BRDA:84,10,1,0
BRDA:85,11,0,0
BRDA:85,11,1,17
BRF:24
BRH:14
end_of_record
TN:
SF:src\middleware\uploadMiddleware.ts
FN:52,(anonymous_10)
FN:77,(anonymous_11)
FN:117,(anonymous_12)
FN:182,(anonymous_13)
FN:183,(anonymous_14)
FN:184,(anonymous_15)
FN:185,(anonymous_16)
FN:186,(anonymous_17)
FN:203,(anonymous_18)
FNF:9
FNH:3
FNDA:0,(anonymous_10)
FNDA:0,(anonymous_11)
FNDA:7,(anonymous_12)
FNDA:22,(anonymous_13)
FNDA:11,(anonymous_14)
FNDA:0,(anonymous_15)
FNDA:0,(anonymous_16)
FNDA:0,(anonymous_17)
FNDA:0,(anonymous_18)
DA:1,11
DA:3,11
DA:4,11
DA:5,11
DA:45,11
DA:52,11
DA:57,0
DA:60,0
DA:61,0
DA:62,0
DA:66,0
DA:67,0
DA:68,0
DA:71,0
DA:75,11
DA:78,0
DA:81,0
DA:82,0
DA:83,0
DA:84,0
DA:88,0
DA:92,0
DA:106,11
DA:115,11
DA:117,11
DA:124,7
DA:125,2
DA:137,5
DA:138,3
DA:165,2
DA:178,7
DA:181,11
DA:182,22
DA:183,11
DA:184,0
DA:185,0
DA:186,0
DA:190,0
DA:198,11
DA:199,11
DA:200,11
DA:203,11
DA:209,0
DA:210,0
DA:211,0
DA:217,0
DA:218,0
DA:225,0
DA:233,0
DA:234,0
DA:236,0
DA:242,0
DA:248,0
DA:257,0
DA:258,0
DA:266,0
LF:56
LH:23
BRDA:60,0,0,0
BRDA:60,0,1,0
BRDA:66,1,0,0
BRDA:66,1,1,0
BRDA:81,2,0,0
BRDA:81,2,1,0
BRDA:83,3,0,0
BRDA:83,3,1,0
BRDA:83,4,0,0
BRDA:83,4,1,0
BRDA:115,5,0,11
BRDA:115,5,1,0
BRDA:124,6,0,2
BRDA:124,6,1,5
BRDA:137,7,0,3
BRDA:137,7,1,2
BRDA:209,8,0,0
BRDA:209,8,1,0
BRDA:210,9,0,0
BRDA:210,9,1,0
BRDA:217,10,0,0
BRDA:217,10,1,0
BRDA:233,11,0,0
BRDA:233,11,1,0
BRDA:233,12,0,0
BRDA:233,12,1,0
BRDA:234,13,0,0
BRDA:234,13,1,0
BRDA:234,13,2,0
BRDA:257,14,0,0
BRDA:257,14,1,0
BRDA:257,15,0,0
BRDA:257,15,1,0
BRF:33
BRH:5
end_of_record
TN:
SF:src\middleware\validationMiddleware.ts
FN:5,(anonymous_0)
FN:15,(anonymous_1)
FNF:2
FNH:2
FNDA:28,(anonymous_0)
FNDA:37,(anonymous_1)
DA:2,11
DA:3,11
DA:5,11
DA:10,28
DA:11,28
DA:12,12
DA:15,37
DA:20,12
DA:22,16
DA:26,11
DA:64,11
LF:11
LH:11
BRDA:11,0,0,12
BRDA:11,0,1,16
BRDA:16,1,0,37
BRDA:16,1,1,0
BRF:4
BRH:3
end_of_record
TN:
SF:src\models\Category.model.ts
FN:36,(anonymous_9)
FN:91,(anonymous_10)
FNF:2
FNH:2
FNDA:79,(anonymous_9)
FNDA:92,(anonymous_10)
DA:1,12
DA:21,12
DA:37,79
DA:87,12
DA:88,12
DA:91,12
DA:92,92
DA:94,92
DA:100,92
DA:101,92
DA:102,92
DA:107,92
DA:109,1
DA:110,1
DA:111,1
DA:114,1
DA:115,1
DA:117,1
DA:120,0
DA:125,92
DA:126,1
DA:127,1
DA:128,1
DA:129,1
DA:130,1
DA:135,1
DA:138,0
DA:142,92
DA:146,12
DA:152,12
DA:154,12
LF:31
LH:29
BRDA:92,0,0,92
BRDA:92,0,1,0
BRDA:92,1,0,92
BRDA:92,1,1,0
BRDA:107,2,0,1
BRDA:107,2,1,91
BRDA:125,3,0,1
BRDA:125,3,1,91
BRDA:126,4,0,1
BRDA:126,4,1,0
BRDA:129,5,0,1
BRDA:129,5,1,0
BRF:12
BRH:8
end_of_record
TN:
SF:src\models\Order.model.ts
FN:147,(anonymous_0)
FNF:1
FNH:1
FNDA:38,(anonymous_0)
DA:1,11
DA:2,11
DA:13,11
DA:36,11
DA:70,11
DA:147,11
DA:148,38
DA:149,32
DA:151,38
DA:154,11
DA:156,11
LF:11
LH:11
BRDA:148,0,0,32
BRDA:148,0,1,6
BRDA:148,1,0,38
BRDA:148,1,1,12
BRDA:148,1,2,12
BRDA:148,1,3,12
BRF:6
BRH:6
end_of_record
TN:
SF:src\models\Product.model.ts
FN:106,(anonymous_1)
FN:117,(anonymous_2)
FN:181,(anonymous_3)
FN:211,(anonymous_4)
FN:235,(anonymous_5)
FN:252,(anonymous_6)
FN:260,(anonymous_7)
FN:269,(anonymous_8)
FN:289,(anonymous_9)
FN:299,(anonymous_10)
FN:304,(anonymous_11)
FN:309,(anonymous_12)
FNF:12
FNH:6
FNDA:0,(anonymous_1)
FNDA:68,(anonymous_2)
FNDA:92,(anonymous_3)
FNDA:68,(anonymous_4)
FNDA:0,(anonymous_5)
FNDA:0,(anonymous_6)
FNDA:0,(anonymous_7)
FNDA:0,(anonymous_8)
FNDA:0,(anonymous_9)
FNDA:68,(anonymous_10)
FNDA:68,(anonymous_11)
FNDA:68,(anonymous_12)
DA:1,11
DA:2,11
DA:11,11
DA:28,11
DA:73,11
DA:108,0
DA:117,68
DA:181,92
DA:205,11
DA:206,11
DA:207,11
DA:208,11
DA:211,11
DA:212,68
DA:213,68
DA:222,68
DA:223,0
DA:224,0
DA:227,0
DA:231,68
DA:235,11
DA:239,0
DA:252,11
DA:253,0
DA:260,11
DA:261,0
DA:269,11
DA:273,0
DA:278,0
DA:289,11
DA:293,0
DA:294,0
DA:299,11
DA:300,68
DA:304,11
DA:305,68
DA:309,11
DA:310,68
DA:313,11
DA:315,11
LF:40
LH:29
BRDA:212,0,0,68
BRDA:212,0,1,0
BRDA:212,1,0,68
BRDA:212,1,1,0
BRDA:222,2,0,0
BRDA:222,2,1,68
BRDA:222,3,0,68
BRDA:222,3,1,0
BRDA:223,4,0,0
BRDA:223,4,1,0
BRDA:237,5,0,0
BRDA:243,6,0,0
BRDA:243,6,1,0
BRDA:244,7,0,0
BRDA:244,7,1,0
BRDA:245,8,0,0
BRDA:245,8,1,0
BRDA:260,9,0,0
BRDA:271,10,0,0
BRDA:279,11,0,0
BRDA:279,11,1,0
BRDA:280,12,0,0
BRDA:280,12,1,0
BRDA:281,13,0,0
BRDA:281,13,1,0
BRDA:293,14,0,0
BRDA:293,14,1,0
BRDA:293,15,0,0
BRDA:293,15,1,0
BRDA:300,16,0,68
BRDA:300,16,1,68
BRDA:310,17,0,68
BRDA:310,17,1,68
BRF:33
BRH:8
end_of_record
TN:
SF:src\models\Review.model.ts
FN:61,(anonymous_0)
FN:97,(anonymous_1)
FN:105,(anonymous_2)
FN:116,(anonymous_3)
FNF:4
FNH:2
FNDA:4,(anonymous_0)
FNDA:4,(anonymous_1)
FNDA:0,(anonymous_2)
FNDA:0,(anonymous_3)
DA:1,11
DA:17,11
DA:56,11
DA:57,11
DA:58,11
DA:61,11
DA:64,4
DA:77,4
DA:78,4
DA:79,4
DA:80,4
DA:86,0
DA:97,11
DA:98,4
DA:102,11
DA:107,0
DA:114,11
DA:117,0
DA:119,0
DA:123,0
DA:127,11
DA:129,11
LF:22
LH:17
BRDA:79,0,0,4
BRDA:79,0,1,0
BRDA:117,1,0,0
BRDA:117,1,1,0
BRF:4
BRH:1
end_of_record
TN:
SF:src\models\User.model.ts
FN:120,(anonymous_1)
FN:125,(anonymous_2)
FN:130,(anonymous_3)
FN:155,(anonymous_4)
FNF:4
FNH:4
FNDA:15,(anonymous_1)
FNDA:64,(anonymous_2)
FNDA:197,(anonymous_3)
FNDA:4,(anonymous_4)
DA:1,11
DA:2,11
DA:17,11
DA:55,11
DA:120,11
DA:121,15
DA:125,11
DA:126,64
DA:130,11
DA:132,197
DA:133,1
DA:137,196
DA:138,0
DA:141,196
DA:142,196
DA:143,196
DA:144,196
DA:146,0
DA:147,0
DA:149,0
DA:155,11
DA:158,4
DA:159,0
DA:161,4
DA:164,11
DA:166,11
LF:26
LH:21
BRDA:132,0,0,1
BRDA:132,0,1,196
BRDA:137,1,0,0
BRDA:137,1,1,196
BRDA:146,2,0,0
BRDA:146,2,1,0
BRDA:158,3,0,0
BRDA:158,3,1,4
BRF:8
BRH:4
end_of_record
TN:
SF:src\routes\adminRoutes.ts
FNF:0
FNH:0
DA:1,11
DA:2,11
DA:7,11
DA:9,11
DA:12,11
DA:13,11
DA:16,11
DA:17,11
DA:18,11
DA:20,11
LF:10
LH:10
BRF:0
BRH:0
end_of_record
TN:
SF:src\routes\categoryRoutes.ts
FNF:0
FNH:0
DA:1,11
DA:2,11
DA:10,11
DA:11,11
DA:18,11
DA:21,11
DA:22,11
DA:23,11
DA:26,11
DA:35,11
DA:44,11
DA:46,11
LF:12
LH:12
BRF:0
BRH:0
end_of_record
TN:
SF:src\routes\orderRoutes.ts
FNF:0
FNH:0
DA:2,11
DA:3,11
DA:10,11
DA:12,11
DA:15,11
DA:17,11
DA:19,11
DA:22,11
DA:25,11
DA:26,11
DA:28,11
LF:11
LH:11
BRF:0
BRH:0
end_of_record
TN:
SF:src\routes\productRoutes.ts
FNF:0
FNH:0
DA:2,11
DA:3,11
DA:4,11
DA:13,11
DA:17,11
DA:18,11
DA:20,11
DA:23,11
DA:54,11
DA:82,11
DA:105,11
DA:110,11
DA:123,11
DA:128,11
DA:133,11
DA:138,11
DA:151,11
DA:158,11
DA:168,11
LF:19
LH:19
BRF:0
BRH:0
end_of_record
TN:
SF:src\routes\stripeRoutes.ts
FNF:0
FNH:0
DA:1,11
DA:2,11
DA:6,11
DA:8,11
DA:11,11
DA:14,11
DA:16,11
LF:7
LH:7
BRF:0
BRH:0
end_of_record
TN:
SF:src\routes\uploadRoutes.ts
FN:26,(anonymous_1)
FN:50,(anonymous_2)
FN:62,(anonymous_3)
FN:77,(anonymous_4)
FNF:4
FNH:4
FNDA:2,(anonymous_1)
FNDA:3,(anonymous_2)
FNDA:6,(anonymous_3)
FNDA:2,(anonymous_4)
DA:1,11
DA:2,11
DA:7,11
DA:9,11
DA:20,11
DA:23,11
DA:27,2
DA:28,0
DA:29,0
DA:32,2
DA:33,0
DA:34,0
DA:39,2
DA:47,11
DA:51,3
DA:52,0
DA:53,0
DA:56,3
DA:57,0
DA:58,0
DA:62,3
DA:63,6
DA:69,3
DA:74,11
DA:78,2
DA:79,0
DA:80,0
DA:83,2
DA:84,0
DA:85,0
DA:89,2
DA:96,11
LF:32
LH:20
BRDA:27,0,0,0
BRDA:27,0,1,2
BRDA:32,1,0,0
BRDA:32,1,1,2
BRDA:51,2,0,0
BRDA:51,2,1,3
BRDA:56,3,0,0
BRDA:56,3,1,3
BRDA:78,4,0,0
BRDA:78,4,1,2
BRDA:83,5,0,0
BRDA:83,5,1,2
BRF:12
BRH:6
end_of_record
TN:
SF:src\routes\userRoutes.ts
FNF:0
FNH:0
DA:1,11
DA:2,11
DA:12,11
DA:14,11
DA:16,11
DA:17,11
DA:18,11
DA:19,11
DA:20,11
DA:23,11
DA:24,11
DA:25,11
DA:27,11
LF:13
LH:13
BRF:0
BRH:0
end_of_record
TN:
SF:src\utils\generateToken.ts
FN:4,(anonymous_1)
FNF:1
FNH:1
FNDA:199,(anonymous_1)
DA:1,12
DA:4,12
DA:5,199
DA:7,199
DA:9,1
DA:12,198
DA:17,12
LF:7
LH:7
BRDA:7,0,0,1
BRDA:7,0,1,198
BRF:2
BRH:2
end_of_record
TN:
SF:src\utils\seeder.ts
FN:12,(anonymous_1)
FN:27,(anonymous_2)
FN:57,(anonymous_3)
FN:67,(anonymous_4)
FN:72,(anonymous_5)
FN:78,(anonymous_6)
FN:87,(anonymous_7)
FN:99,(anonymous_8)
FN:113,(anonymous_9)
FNF:9
FNH:0
FNDA:0,(anonymous_1)
FNDA:0,(anonymous_2)
FNDA:0,(anonymous_3)
FNDA:0,(anonymous_4)
FNDA:0,(anonymous_5)
FNDA:0,(anonymous_6)
FNDA:0,(anonymous_7)
FNDA:0,(anonymous_8)
FNDA:0,(anonymous_9)
DA:2,0
DA:3,0
DA:4,0
DA:5,0
DA:6,0
DA:7,0
DA:10,0
DA:12,0
DA:13,0
DA:14,0
DA:15,0
DA:16,0
DA:17,0
DA:19,0
DA:20,0
DA:22,0
DA:23,0
DA:27,0
DA:28,0
DA:30,0
DA:31,0
DA:32,0
DA:34,0
DA:39,0
DA:56,0
DA:57,0
DA:60,0
DA:63,0
DA:66,0
DA:67,0
DA:69,0
DA:72,0
DA:73,0
DA:74,0
DA:78,0
DA:85,0
DA:86,0
DA:87,0
DA:89,0
DA:91,0
DA:92,0
DA:94,0
DA:95,0
DA:99,0
DA:100,0
DA:101,0
DA:102,0
DA:103,0
DA:106,0
DA:109,0
DA:113,0
DA:114,0
DA:115,0
DA:116,0
DA:118,0
DA:122,0
LF:56
LH:0
BRDA:15,0,0,0
BRDA:15,0,1,0
BRDA:115,1,0,0
BRDA:115,1,1,0
BRF:4
BRH:0
end_of_record
